<?xml version="1.0" encoding="UTF-8"?>
<!-- Generated by org.testng.reporters.JUnitXMLReporter -->
<testsuite hostname="MRUTUNJAY" ignored="5" name="Test" tests="2" failures="0" timestamp="2022-11-16T23:03:23 IST" time="20.92" errors="0">
  <testcase name="actionClass" time="14.458" classname="practice.DropdownHandelWithMouse"/>
  <testcase name="makeMyTrip" time="14.785" classname="practice.DropdownHandelWithoutSelectClass"/>
  <testcase name="@BeforeSuite beforesuite" time="0.0" classname="genericUtility.BaseClass">
    <ignored/>
  </testcase> <!-- @BeforeSuite beforesuite -->
  <testcase name="@AfterTest aftertest" time="0.0" classname="genericUtility.BaseClass">
    <ignored/>
  </testcase> <!-- @AfterTest aftertest -->
  <testcase name="selectDropdown" time="0.0" classname="practice.DropdownHandelWithoutSelectClass">
    <ignored/>
  </testcase> <!-- selectDropdown -->
  <testcase name="@BeforeTest beforetest" time="0.0" classname="genericUtility.BaseClass">
    <ignored/>
  </testcase> <!-- @BeforeTest beforetest -->
  <testcase name="@AfterSuite aftersuite" time="0.0" classname="genericUtility.BaseClass">
    <ignored/>
  </testcase> <!-- @AfterSuite aftersuite -->
</testsuite> <!-- Test -->
